<?xml version="1.0" encoding="UTF-8"?>
<testsuite xmlns:xsi="http://www.w3.org/2001/XMLSchema-instance" xsi:noNamespaceSchemaLocation="https://maven.apache.org/surefire/maven-surefire-plugin/xsd/surefire-test-report-3.0.xsd" version="3.0" name="com.Student.tests.CrudTest" time="14.983" tests="2" errors="0" skipped="0" failures="0">
  <properties>
[...]
</properties>
  <testcase name="createNewStudent" classname="com.Student.tests.CrudTest" time="9.218">
    <system-out><![CDATA[CREATENEWSTUDENT
]]></system-out>
    <system-err><![CDATA[SLF4J: Failed to load class "org.slf4j.impl.StaticLoggerBinder".
SLF4J: Defaulting to no-operation (NOP) logger implementation
SLF4J: See http://www.slf4j.org/codes.html#StaticLoggerBinder for further details.
]]></system-err>
  </testcase>
  <testcase name="getAllStudents" classname="com.Student.tests.CrudTest" time="0.842">
    <system-out><![CDATA[GETALLSTUDENTS
]]></system-out>
  </testcase>
</testsuite>